[2019-05-01T09:17:37.398] [ERROR] router - { [Error: ENOENT: no such file or directory, open '/home/jojo/Desktop/koademo2/server/views/index.html']
  errno: -2,
  code: 'ENOENT',
  syscall: 'open',
  path: '/home/jojo/Desktop/koademo2/server/views/index.html' }
[2019-05-01T09:26:49.940] [ERROR] router - { [Error: ENOENT: no such file or directory, open '/home/jojo/web/views/index.html']
  errno: -2,
  code: 'ENOENT',
  syscall: 'open',
  path: '/home/jojo/web/views/index.html' }
[2019-05-01T09:26:54.444] [ERROR] router - { [Error: ENOENT: no such file or directory, open '/home/jojo/web/views/index.html']
  errno: -2,
  code: 'ENOENT',
  syscall: 'open',
  path: '/home/jojo/web/views/index.html' }
[2019-05-01T09:26:55.104] [ERROR] router - { [Error: ENOENT: no such file or directory, open '/home/jojo/web/views/index.html']
  errno: -2,
  code: 'ENOENT',
  syscall: 'open',
  path: '/home/jojo/web/views/index.html' }
[2019-05-01T09:26:55.831] [ERROR] router - { [Error: ENOENT: no such file or directory, open '/home/jojo/web/views/index.html']
  errno: -2,
  code: 'ENOENT',
  syscall: 'open',
  path: '/home/jojo/web/views/index.html' }
[2019-05-01T09:26:56.570] [ERROR] router - { [Error: ENOENT: no such file or directory, open '/home/jojo/web/views/index.html']
  errno: -2,
  code: 'ENOENT',
  syscall: 'open',
  path: '/home/jojo/web/views/index.html' }
[2019-05-01T09:28:14.044] [ERROR] router - { [Error: ENOENT: no such file or directory, open '/home/jojo/web/views/index.html']
  errno: -2,
  code: 'ENOENT',
  syscall: 'open',
  path: '/home/jojo/web/views/index.html' }
[2019-05-01T09:40:31.536] [ERROR] router - 页面失败404
[2019-05-01T09:40:31.564] [ERROR] router - 页面失败404
[2019-05-01T09:40:31.870] [ERROR] router - 页面失败404
[2019-05-01T09:40:31.884] [ERROR] router - 页面失败404
[2019-05-01T09:40:31.904] [ERROR] router - 页面失败404
